<?xml version="1.0" encoding="UTF-8"?>
<!-- Generated by org.testng.reporters.JUnitXMLReporter -->
<testsuite hostname="DESKTOP-I6IV4IR" ignored="0" name="Test" tests="4" failures="1" timestamp="16 Jul 2020 11:09:58 GMT" time="0.144" errors="0">
  <testcase name="tc1" time="0.031" classname="sampleprojectMaven.TestNG">
    <skipped/>
  </testcase> <!-- tc1 -->
  <testcase name="tc1" time="0.016" classname="sampleprojectMaven.TestNG">
    <skipped/>
  </testcase> <!-- tc1 -->
  <testcase name="tc1" time="0.006" classname="sampleprojectMaven.TestNG">
    <skipped/>
  </testcase> <!-- tc1 -->
  <testcase name="tc1" time="0.006" classname="sampleprojectMaven.TestNG">
    <failure type="java.lang.AssertionError" message="Verifying expected [true] but found [false]">
      <![CDATA[java.lang.AssertionError: Verifying expected [true] but found [false]
at sampleprojectMaven.TestNG.tc1(TestNG.java:11)
... Removed 28 stack frames]]>
    </failure>
  </testcase> <!-- tc1 -->
</testsuite> <!-- Test -->
